The system is: Windows - 10.0.19045 - AMD64
Compiling the CXX compiler identification source file "CMakeCXXCompilerId.cpp" succeeded.
Compiler: C:/Program Files (x86)/Microsoft Visual Studio/2022/BuildTools/VC/Tools/MSVC/14.32.31326/bin/Hostx86/x86/cl.exe 
Build flags: 
Id flags:  

The output was:
0
Microsoft (R) C/C++ Optimizing Compiler Version 19.32.31332 for x86
Copyright (C) Microsoft Corporation.  All rights reserved.

CMakeCXXCompilerId.cpp
Microsoft (R) Incremental Linker Version 14.32.31332.0
Copyright (C) Microsoft Corporation.  All rights reserved.

/out:CMakeCXXCompilerId.exe 
CMakeCXXCompilerId.obj 


Compilation of the CXX compiler identification source "CMakeCXXCompilerId.cpp" produced "CMakeCXXCompilerId.exe"

Compilation of the CXX compiler identification source "CMakeCXXCompilerId.cpp" produced "CMakeCXXCompilerId.obj"

The CXX compiler identification is MSVC, found in "C:/Users/karim/Desktop/Proyecto Final/Firmware v0.1/build/pioasm/CMakeFiles/3.23.3/CompilerIdCXX/CMakeCXXCompilerId.exe"

Detecting CXX compiler ABI info compiled with the following output:
Change Dir: C:/Users/karim/Desktop/Proyecto Final/Firmware v0.1/build/pioasm/CMakeFiles/CMakeTmp

Run Build Command(s):nmake -f Makefile /nologo cmTC_17fa5\fast && 	"C:\Program Files (x86)\Microsoft Visual Studio\2022\BuildTools\VC\Tools\MSVC\14.32.31326\bin\HostX86\x86\nmake.exe"  -f CMakeFiles\cmTC_17fa5.dir\build.make /nologo -L                  CMakeFiles\cmTC_17fa5.dir\build
Building CXX object CMakeFiles/cmTC_17fa5.dir/CMakeCXXCompilerABI.cpp.obj
	"C:\Program Files\CMake\bin\cmake.exe" -E cmake_cl_compile_depends --dep-file=CMakeFiles\cmTC_17fa5.dir\CMakeCXXCompilerABI.cpp.obj.d --working-dir="C:\Users\karim\Desktop\Proyecto Final\Firmware v0.1\build\pioasm\CMakeFiles\CMakeTmp" --filter-prefix="Note: including file: " -- C:\PROGRA~2\MIB055~1\2022\BUILDT~1\VC\Tools\MSVC\1432~1.313\bin\Hostx86\x86\cl.exe @C:\Users\karim\AppData\Local\Temp\nm3395.tmp
CMakeCXXCompilerABI.cpp
Linking CXX executable cmTC_17fa5.exe
	"C:\Program Files\CMake\bin\cmake.exe" -E vs_link_exe --intdir=CMakeFiles\cmTC_17fa5.dir --rc=C:\PROGRA~2\WI3CF2~1\10\bin\100190~1.0\x86\rc.exe --mt=C:\PROGRA~2\WI3CF2~1\10\bin\100190~1.0\x86\mt.exe --manifests -- C:\PROGRA~2\MIB055~1\2022\BUILDT~1\VC\Tools\MSVC\1432~1.313\bin\Hostx86\x86\link.exe /nologo @CMakeFiles\cmTC_17fa5.dir\objects1.rsp @C:\Users\karim\AppData\Local\Temp\nm34DE.tmp



